Release 14.7 - xst P.20131013 (nt64)
Copyright (c) 1995-2013 Xilinx, Inc.  All rights reserved.
--> Parameter TMPDIR set to xst/projnav.tmp


Total REAL time to Xst completion: 0.00 secs
Total CPU time to Xst completion: 0.08 secs
 
--> Parameter xsthdpdir set to xst


Total REAL time to Xst completion: 0.00 secs
Total CPU time to Xst completion: 0.08 secs
 
--> Reading design: DualVGA.prj

TABLE OF CONTENTS
  1) Synthesis Options Summary
  2) HDL Parsing
  3) HDL Elaboration
  4) HDL Synthesis
       4.1) HDL Synthesis Report
  5) Advanced HDL Synthesis
       5.1) Advanced HDL Synthesis Report
  6) Low Level Synthesis
  7) Partition Report
  8) Design Summary
       8.1) Primitive and Black Box Usage
       8.2) Device utilization summary
       8.3) Partition Resource Summary
       8.4) Timing Report
            8.4.1) Clock Information
            8.4.2) Asynchronous Control Signals Information
            8.4.3) Timing Summary
            8.4.4) Timing Details
            8.4.5) Cross Clock Domains Report


=========================================================================
*                      Synthesis Options Summary                        *
=========================================================================
---- Source Parameters
Input File Name                    : "DualVGA.prj"
Ignore Synthesis Constraint File   : NO

---- Target Parameters
Output File Name                   : "DualVGA"
Output Format                      : NGC
Target Device                      : xc6slx16-3-csg324

---- Source Options
Top Module Name                    : DualVGA
Automatic FSM Extraction           : YES
FSM Encoding Algorithm             : Auto
Safe Implementation                : No
FSM Style                          : LUT
RAM Extraction                     : Yes
RAM Style                          : Auto
ROM Extraction                     : Yes
Shift Register Extraction          : YES
ROM Style                          : Auto
Resource Sharing                   : YES
Asynchronous To Synchronous        : NO
Shift Register Minimum Size        : 2
Use DSP Block                      : Auto
Automatic Register Balancing       : No

---- Target Options
LUT Combining                      : Auto
Reduce Control Sets                : Auto
Add IO Buffers                     : YES
Global Maximum Fanout              : 100000
Add Generic Clock Buffer(BUFG)     : 16
Register Duplication               : YES
Optimize Instantiated Primitives   : NO
Use Clock Enable                   : Auto
Use Synchronous Set                : Auto
Use Synchronous Reset              : Auto
Pack IO Registers into IOBs        : Auto
Equivalent register Removal        : YES

---- General Options
Optimization Goal                  : Speed
Optimization Effort                : 1
Power Reduction                    : NO
Keep Hierarchy                     : No
Netlist Hierarchy                  : As_Optimized
RTL Output                         : Yes
Global Optimization                : AllClockNets
Read Cores                         : YES
Write Timing Constraints           : NO
Cross Clock Analysis               : NO
Hierarchy Separator                : /
Bus Delimiter                      : <>
Case Specifier                     : Maintain
Slice Utilization Ratio            : 100
BRAM Utilization Ratio             : 100
DSP48 Utilization Ratio            : 100
Auto BRAM Packing                  : NO
Slice Utilization Ratio Delta      : 5

---- Other Options
Cores Search Directories           : {"ipcore_dir"  }

=========================================================================


=========================================================================
*                          HDL Parsing                                  *
=========================================================================
Analyzing Verilog file "C:\Xilinx\DualPortVGA\ipcore_dir\DualMemory.v" into library work
Parsing module <DualMemory>.
Analyzing Verilog file "C:\Xilinx\DualPortVGA\DualVGA.v" into library work
Parsing module <DualVGA>.

=========================================================================
*                            HDL Elaboration                            *
=========================================================================

Elaborating module <DualVGA>.

Elaborating module <DualMemory>.
WARNING:HDLCompiler:1499 - "C:\Xilinx\DualPortVGA\ipcore_dir\DualMemory.v" Line 39: Empty module <DualMemory> remains a black box.
WARNING:HDLCompiler:1127 - "C:\Xilinx\DualPortVGA\DualVGA.v" Line 62: Assignment to wasteOut ignored, since the identifier is never used

=========================================================================
*                           HDL Synthesis                               *
=========================================================================

Synthesizing Unit <DualVGA>.
    Related source file is "C:\Xilinx\DualPortVGA\DualVGA.v".
        HActive = 640
        HFront = 16
        HSyncLength = 96
        HBack = 48
        VActive = 480
        VFront = 10
        VSyncLength = 2
        VBack = 33
INFO:Xst:3210 - "C:\Xilinx\DualPortVGA\DualVGA.v" line 53: Output port <doutb> of the instance <mem> is unconnected or connected to loadless signal.
    Found 2-bit register for signal <Blue>.
    Found 3-bit register for signal <Green>.
    Found 3-bit register for signal <Red>.
    Found 10-bit register for signal <XPos>.
    Found 10-bit register for signal <YPos>.
    Found 2-bit register for signal <cycle>.
    Found 3-bit subtractor for signal <PWR_1_o_XPos[2]_sub_15_OUT> created at line 90.
    Found 11-bit adder for signal <n0077> created at line 68.
    Found 15-bit adder for signal <n0080> created at line 72.
    Found 2-bit adder for signal <cycle[1]_GND_1_o_add_12_OUT> created at line 76.
    Found 11-bit adder for signal <n0084> created at line 93.
    Found 1-bit 16-to-1 multiplexer for signal <YPos[0]_memOut[15]_Mux_15_o> created at line 90.
    Found 10-bit comparator lessequal for signal <n0000> created at line 67
    Found 10-bit comparator greater for signal <XPos[9]_PWR_1_o_LessThan_2_o> created at line 67
    Found 11-bit comparator lessequal for signal <n0006> created at line 68
    Found 11-bit comparator greater for signal <BUS_0002_GND_1_o_LessThan_6_o> created at line 68
    Found 10-bit comparator greater for signal <XPos[9]_PWR_1_o_LessThan_7_o> created at line 71
    Found 10-bit comparator greater for signal <YPos[9]_GND_1_o_LessThan_8_o> created at line 71
    Found 11-bit comparator lessequal for signal <n0031> created at line 94
    Found 11-bit comparator lessequal for signal <n0036> created at line 98
    Summary:
	inferred   5 Adder/Subtractor(s).
	inferred  30 D-type flip-flop(s).
	inferred   8 Comparator(s).
	inferred   2 Multiplexer(s).
Unit <DualVGA> synthesized.

=========================================================================
HDL Synthesis Report

Macro Statistics
# Adders/Subtractors                                   : 5
 11-bit adder                                          : 2
 15-bit adder                                          : 1
 2-bit adder                                           : 1
 3-bit subtractor                                      : 1
# Registers                                            : 6
 10-bit register                                       : 2
 2-bit register                                        : 2
 3-bit register                                        : 2
# Comparators                                          : 8
 10-bit comparator greater                             : 3
 10-bit comparator lessequal                           : 1
 11-bit comparator greater                             : 1
 11-bit comparator lessequal                           : 3
# Multiplexers                                         : 2
 1-bit 16-to-1 multiplexer                             : 1
 15-bit 2-to-1 multiplexer                             : 1

=========================================================================

=========================================================================
*                       Advanced HDL Synthesis                          *
=========================================================================

Reading core <ipcore_dir/DualMemory.ngc>.
Loading core <DualMemory> for timing and area information for instance <mem>.

Synthesizing (advanced) Unit <DualVGA>.
The following registers are absorbed into counter <cycle>: 1 register on signal <cycle>.
Unit <DualVGA> synthesized (advanced).

=========================================================================
Advanced HDL Synthesis Report

Macro Statistics
# Adders/Subtractors                                   : 4
 11-bit adder                                          : 2
 15-bit adder                                          : 1
 3-bit subtractor                                      : 1
# Counters                                             : 1
 2-bit up counter                                      : 1
# Registers                                            : 28
 Flip-Flops                                            : 28
# Comparators                                          : 8
 10-bit comparator greater                             : 3
 10-bit comparator lessequal                           : 1
 11-bit comparator greater                             : 1
 11-bit comparator lessequal                           : 3
# Multiplexers                                         : 2
 1-bit 16-to-1 multiplexer                             : 1
 15-bit 2-to-1 multiplexer                             : 1

=========================================================================

=========================================================================
*                         Low Level Synthesis                           *
=========================================================================
INFO:Xst:2261 - The FF/Latch <Red_0> in Unit <DualVGA> is equivalent to the following 2 FFs/Latches, which will be removed : <Red_1> <Red_2> 
INFO:Xst:2261 - The FF/Latch <Green_0> in Unit <DualVGA> is equivalent to the following 3 FFs/Latches, which will be removed : <Green_1> <Blue_1> <Blue_2> 

Optimizing unit <DualVGA> ...
INFO:Xst:2261 - The FF/Latch <Red_0> in Unit <DualVGA> is equivalent to the following FF/Latch, which will be removed : <Green_2> 

Mapping all equations...
Building and optimizing final netlist ...
Found area constraint ratio of 100 (+ 5) on block DualVGA, actual ratio is 4.

Final Macro Processing ...

=========================================================================
Final Register Report

Macro Statistics
# Registers                                            : 24
 Flip-Flops                                            : 24

=========================================================================

=========================================================================
*                           Partition Report                            *
=========================================================================

Partition Implementation Status
-------------------------------

  No Partitions were found in this design.

-------------------------------

=========================================================================
*                            Design Summary                             *
=========================================================================

Top Level Output File Name         : DualVGA.ngc

Primitive and Black Box Usage:
------------------------------
# BELS                             : 484
#      GND                         : 2
#      INV                         : 4
#      LUT2                        : 8
#      LUT3                        : 8
#      LUT4                        : 16
#      LUT5                        : 70
#      LUT6                        : 340
#      MUXF7                       : 34
#      MUXF8                       : 1
#      VCC                         : 1
# FlipFlops/Latches                : 34
#      FD                          : 3
#      FDE                         : 10
#      FDRE                        : 21
# RAMS                             : 32
#      RAMB16BWER                  : 32
# Clock Buffers                    : 1
#      BUFGP                       : 1
# IO Buffers                       : 12
#      OBUF                        : 12

Device utilization summary:
---------------------------

Selected Device : 6slx16csg324-3 


Slice Logic Utilization: 
 Number of Slice Registers:              34  out of  18224     0%  
 Number of Slice LUTs:                  446  out of   9112     4%  
    Number used as Logic:               446  out of   9112     4%  

Slice Logic Distribution: 
 Number of LUT Flip Flop pairs used:    457
   Number with an unused Flip Flop:     423  out of    457    92%  
   Number with an unused LUT:            11  out of    457     2%  
   Number of fully used LUT-FF pairs:    23  out of    457     5%  
   Number of unique control sets:         6

IO Utilization: 
 Number of IOs:                          13
 Number of bonded IOBs:                  13  out of    232     5%  

Specific Feature Utilization:
 Number of Block RAM/FIFO:               32  out of     32   100%  
    Number using Block RAM only:         32
 Number of BUFG/BUFGCTRLs:                1  out of     16     6%  

---------------------------
Partition Resource Summary:
---------------------------

  No Partitions were found in this design.

---------------------------


=========================================================================
Timing Report

NOTE: THESE TIMING NUMBERS ARE ONLY A SYNTHESIS ESTIMATE.
      FOR ACCURATE TIMING INFORMATION PLEASE REFER TO THE TRACE REPORT
      GENERATED AFTER PLACE-and-ROUTE.

Clock Information:
------------------
-----------------------------------+------------------------+-------+
Clock Signal                       | Clock buffer(FF name)  | Load  |
-----------------------------------+------------------------+-------+
Clock                              | BUFGP                  | 66    |
-----------------------------------+------------------------+-------+

Asynchronous Control Signals Information:
----------------------------------------
No asynchronous control signals found in this design

Timing Summary:
---------------
Speed Grade: -3

   Minimum period: 6.598ns (Maximum Frequency: 151.552MHz)
   Minimum input arrival time before clock: No path found
   Maximum output required time after clock: 6.056ns
   Maximum combinational path delay: No path found

Timing Details:
---------------
All values displayed in nanoseconds (ns)

=========================================================================
Timing constraint: Default period analysis for Clock 'Clock'
  Clock period: 6.598ns (frequency: 151.552MHz)
  Total number of paths / destination ports: 17596 / 422
-------------------------------------------------------------------------
Delay:               6.598ns (Levels of Logic = 5)
  Source:            mem/U0/xst_blk_mem_generator/gnativebmg.native_blk_mem_gen/valid.cstr/has_mux_a.A/sel_pipe_2 (FF)
  Destination:       mem/U0/xst_blk_mem_generator/gnativebmg.native_blk_mem_gen/valid.cstr/ramloop[31].ram.r/s6_init.ram/TRUE_DP.PRIM18.ram (RAM)
  Source Clock:      Clock rising
  Destination Clock: Clock rising

  Data Path: mem/U0/xst_blk_mem_generator/gnativebmg.native_blk_mem_gen/valid.cstr/has_mux_a.A/sel_pipe_2 to mem/U0/xst_blk_mem_generator/gnativebmg.native_blk_mem_gen/valid.cstr/ramloop[31].ram.r/s6_init.ram/TRUE_DP.PRIM18.ram
                                Gate     Net
    Cell:in->out      fanout   Delay   Delay  Logical Name (Net Name)
    ----------------------------------------  ------------
     FDE:C->Q            128   0.447   2.315  U0/xst_blk_mem_generator/gnativebmg.native_blk_mem_gen/valid.cstr/has_mux_a.A/sel_pipe_2 (U0/xst_blk_mem_generator/gnativebmg.native_blk_mem_gen/valid.cstr/has_mux_a.A/sel_pipe<2>)
     LUT6:I0->O            1   0.203   0.827  U0/xst_blk_mem_generator/gnativebmg.native_blk_mem_gen/valid.cstr/has_mux_a.A/Mmux_dout_mux_84 (U0/xst_blk_mem_generator/gnativebmg.native_blk_mem_gen/valid.cstr/has_mux_a.A/Mmux_dout_mux_84)
     LUT6:I2->O            1   0.203   0.000  U0/xst_blk_mem_generator/gnativebmg.native_blk_mem_gen/valid.cstr/has_mux_a.A/Mmux_dout_mux_31 (U0/xst_blk_mem_generator/gnativebmg.native_blk_mem_gen/valid.cstr/has_mux_a.A/Mmux_dout_mux_31)
     MUXF7:I1->O           2   0.140   0.617  U0/xst_blk_mem_generator/gnativebmg.native_blk_mem_gen/valid.cstr/has_mux_a.A/Mmux_dout_mux_2_f7_0 (douta<10>)
     end scope: 'mem:douta<10>'
     LUT4:I3->O           32   0.205   1.291  Mmux_toMem91 (toMem<4>)
     begin scope: 'mem:addra<4>'
     RAMB16BWER:ADDRA8         0.350          U0/xst_blk_mem_generator/gnativebmg.native_blk_mem_gen/valid.cstr/ramloop[31].ram.r/s6_init.ram/TRUE_DP.PRIM18.ram
    ----------------------------------------
    Total                      6.598ns (1.548ns logic, 5.050ns route)
                                       (23.5% logic, 76.5% route)

=========================================================================
Timing constraint: Default OFFSET OUT AFTER for Clock 'Clock'
  Total number of paths / destination ports: 40 / 12
-------------------------------------------------------------------------
Offset:              6.056ns (Levels of Logic = 3)
  Source:            YPos_8 (FF)
  Destination:       SeeSync<1> (PAD)
  Source Clock:      Clock rising

  Data Path: YPos_8 to SeeSync<1>
                                Gate     Net
    Cell:in->out      fanout   Delay   Delay  Logical Name (Net Name)
    ----------------------------------------  ------------
     FDRE:C->Q             7   0.447   1.021  YPos_8 (YPos_8)
     LUT4:I0->O            3   0.203   0.995  VSync11 (VSync1)
     LUT6:I1->O            2   0.203   0.616  VSync (VSync_OBUF)
     OBUF:I->O                 2.571          SeeSync_1_OBUF (SeeSync<1>)
    ----------------------------------------
    Total                      6.056ns (3.424ns logic, 2.632ns route)
                                       (56.5% logic, 43.5% route)

=========================================================================

Cross Clock Domains Report:
--------------------------

Clock to Setup on destination clock Clock
---------------+---------+---------+---------+---------+
               | Src:Rise| Src:Fall| Src:Rise| Src:Fall|
Source Clock   |Dest:Rise|Dest:Rise|Dest:Fall|Dest:Fall|
---------------+---------+---------+---------+---------+
Clock          |    6.598|         |         |         |
---------------+---------+---------+---------+---------+

=========================================================================


Total REAL time to Xst completion: 9.00 secs
Total CPU time to Xst completion: 8.77 secs
 
--> 

Total memory usage is 298640 kilobytes

Number of errors   :    0 (   0 filtered)
Number of warnings :    2 (   0 filtered)
Number of infos    :    4 (   0 filtered)

